<?xml version="1.0" encoding="UTF-8"?>
<!-- Generated by org.testng.reporters.JUnitXMLReporter -->
<testsuite ignored="0" hostname="DESKTOP-400C7NF" failures="0" tests="5" name="Default test" time="116.239" errors="0" timestamp="2021-01-25T11:55:14 PKT">
  <testcase classname="WeRPlayAssignemnts.Task1" name="Signup" time="23.679"/>
  <testcase classname="WeRPlayAssignemnts.Task1" name="EmailVerification" time="20.974"/>
  <testcase classname="WeRPlayAssignemnts.Task1" name="FieldVerification" time="0.081"/>
  <testcase classname="WeRPlayAssignemnts.Task1" name="CartTask" time="44.842"/>
  <testcase classname="WeRPlayAssignemnts.Task1" name="Checkout" time="23.38"/>
</testsuite> <!-- Default test -->
