<?xml version="1.0" encoding="UTF-8"?>
<testng-results ignored="0" total="5" passed="5" failed="0" skipped="0">
  <reporter-output>
  </reporter-output>
  <suite started-at="2021-01-25T11:53:17 PKT" name="Default suite" finished-at="2021-01-25T11:55:14 PKT" duration-ms="116239">
    <groups>
    </groups>
    <test started-at="2021-01-25T11:53:17 PKT" name="Default test" finished-at="2021-01-25T11:55:14 PKT" duration-ms="116239">
      <class name="WeRPlayAssignemnts.Task1">
        <test-method is-config="true" signature="setuptest()[pri:0, instance:WeRPlayAssignemnts.Task1@12d4bf7e]" started-at="2021-01-25T11:53:17 PKT" name="setuptest" finished-at="2021-01-25T11:53:20 PKT" duration-ms="3175" status="PASS">
          <reporter-output>
          </reporter-output>
        </test-method> <!-- setuptest -->
        <test-method signature="Signup()[pri:0, instance:WeRPlayAssignemnts.Task1@12d4bf7e]" started-at="2021-01-25T11:53:21 PKT" name="Signup" finished-at="2021-01-25T11:53:44 PKT" duration-ms="23679" status="PASS">
          <reporter-output>
          </reporter-output>
        </test-method> <!-- Signup -->
        <test-method is-config="true" signature="invokeScreenshotMethod(org.testng.ITestResult)[pri:0, instance:WeRPlayAssignemnts.Task1@12d4bf7e]" started-at="2021-01-25T11:53:44 PKT" name="invokeScreenshotMethod" finished-at="2021-01-25T11:53:44 PKT" duration-ms="2" status="PASS">
          <params>
            <param index="0">
              <value>
                <![CDATA[[TestResult name=Signup status=SUCCESS method=Task1.Signup()[pri:0, instance:WeRPlayAssignemnts.Task1@12d4bf7e] output={null}]]]>
              </value>
            </param>
          </params>
          <reporter-output>
          </reporter-output>
        </test-method> <!-- invokeScreenshotMethod -->
        <test-method signature="EmailVerification()[pri:1, instance:WeRPlayAssignemnts.Task1@12d4bf7e]" started-at="2021-01-25T11:53:44 PKT" name="EmailVerification" finished-at="2021-01-25T11:54:05 PKT" duration-ms="20974" status="PASS">
          <reporter-output>
          </reporter-output>
        </test-method> <!-- EmailVerification -->
        <test-method is-config="true" signature="invokeScreenshotMethod(org.testng.ITestResult)[pri:0, instance:WeRPlayAssignemnts.Task1@12d4bf7e]" started-at="2021-01-25T11:54:05 PKT" name="invokeScreenshotMethod" finished-at="2021-01-25T11:54:05 PKT" duration-ms="1" status="PASS">
          <params>
            <param index="0">
              <value>
                <![CDATA[[TestResult name=EmailVerification status=SUCCESS method=Task1.EmailVerification()[pri:1, instance:WeRPlayAssignemnts.Task1@12d4bf7e] output={null}]]]>
              </value>
            </param>
          </params>
          <reporter-output>
          </reporter-output>
        </test-method> <!-- invokeScreenshotMethod -->
        <test-method signature="FieldVerification()[pri:2, instance:WeRPlayAssignemnts.Task1@12d4bf7e]" started-at="2021-01-25T11:54:05 PKT" name="FieldVerification" finished-at="2021-01-25T11:54:05 PKT" duration-ms="81" status="PASS">
          <reporter-output>
          </reporter-output>
        </test-method> <!-- FieldVerification -->
        <test-method is-config="true" signature="invokeScreenshotMethod(org.testng.ITestResult)[pri:0, instance:WeRPlayAssignemnts.Task1@12d4bf7e]" started-at="2021-01-25T11:54:05 PKT" name="invokeScreenshotMethod" finished-at="2021-01-25T11:54:05 PKT" duration-ms="1" status="PASS">
          <params>
            <param index="0">
              <value>
                <![CDATA[[TestResult name=FieldVerification status=SUCCESS method=Task1.FieldVerification()[pri:2, instance:WeRPlayAssignemnts.Task1@12d4bf7e] output={null}]]]>
              </value>
            </param>
          </params>
          <reporter-output>
          </reporter-output>
        </test-method> <!-- invokeScreenshotMethod -->
        <test-method signature="CartTask()[pri:3, instance:WeRPlayAssignemnts.Task1@12d4bf7e]" started-at="2021-01-25T11:54:05 PKT" name="CartTask" finished-at="2021-01-25T11:54:50 PKT" duration-ms="44842" status="PASS">
          <reporter-output>
          </reporter-output>
        </test-method> <!-- CartTask -->
        <test-method is-config="true" signature="invokeScreenshotMethod(org.testng.ITestResult)[pri:0, instance:WeRPlayAssignemnts.Task1@12d4bf7e]" started-at="2021-01-25T11:54:50 PKT" name="invokeScreenshotMethod" finished-at="2021-01-25T11:54:50 PKT" duration-ms="3" status="PASS">
          <params>
            <param index="0">
              <value>
                <![CDATA[[TestResult name=CartTask status=SUCCESS method=Task1.CartTask()[pri:3, instance:WeRPlayAssignemnts.Task1@12d4bf7e] output={null}]]]>
              </value>
            </param>
          </params>
          <reporter-output>
          </reporter-output>
        </test-method> <!-- invokeScreenshotMethod -->
        <test-method signature="Checkout()[pri:4, instance:WeRPlayAssignemnts.Task1@12d4bf7e]" started-at="2021-01-25T11:54:50 PKT" name="Checkout" finished-at="2021-01-25T11:55:14 PKT" duration-ms="23380" status="PASS">
          <reporter-output>
          </reporter-output>
        </test-method> <!-- Checkout -->
        <test-method is-config="true" signature="invokeScreenshotMethod(org.testng.ITestResult)[pri:0, instance:WeRPlayAssignemnts.Task1@12d4bf7e]" started-at="2021-01-25T11:55:14 PKT" name="invokeScreenshotMethod" finished-at="2021-01-25T11:55:14 PKT" duration-ms="3" status="PASS">
          <params>
            <param index="0">
              <value>
                <![CDATA[[TestResult name=Checkout status=SUCCESS method=Task1.Checkout()[pri:4, instance:WeRPlayAssignemnts.Task1@12d4bf7e] output={null}]]]>
              </value>
            </param>
          </params>
          <reporter-output>
          </reporter-output>
        </test-method> <!-- invokeScreenshotMethod -->
      </class> <!-- WeRPlayAssignemnts.Task1 -->
    </test> <!-- Default test -->
  </suite> <!-- Default suite -->
</testng-results>
